<?xml version="1.0" encoding="UTF-8"?>
<testng-results ignored="0" total="1" passed="1" failed="0" skipped="0">
  <reporter-output>
  </reporter-output>
  <suite started-at="2023-11-20T12:26:42 ART" name="Web Automation Suite" finished-at="2023-11-20T12:27:39 ART" duration-ms="56915">
    <groups>
    </groups>
    <test started-at="2023-11-20T12:26:42 ART" name="Search test" finished-at="2023-11-20T12:27:39 ART" duration-ms="56915">
      <class name="tests.WikipediaTests">
        <test-method is-config="true" signature="beforeMethod(java.lang.String,java.lang.String)[pri:0, instance:tests.WikipediaTests@6193932a]" started-at="2023-11-20T12:26:42 ART" name="beforeMethod" finished-at="2023-11-20T12:27:32 ART" duration-ms="50070" status="PASS">
          <params>
            <param index="0">
              <value>
                <![CDATA[chrome]]>
              </value>
            </param>
            <param index="1">
              <value>
                <![CDATA[https://www.wikipedia.org/wiki/Wikipedia:Portada]]>
              </value>
            </param>
          </params>
          <reporter-output>
          </reporter-output>
        </test-method> <!-- beforeMethod -->
        <test-method signature="searchTest(java.lang.String)[pri:0, instance:tests.WikipediaTests@6193932a]" started-at="2023-11-20T12:27:32 ART" name="searchTest" finished-at="2023-11-20T12:27:36 ART" duration-ms="4013" status="PASS">
          <params>
            <param index="0">
              <value>
                <![CDATA[Globant]]>
              </value>
            </param>
          </params>
          <reporter-output>
          </reporter-output>
        </test-method> <!-- searchTest -->
        <test-method is-config="true" signature="afterMethod()[pri:0, instance:tests.WikipediaTests@6193932a]" started-at="2023-11-20T12:27:36 ART" name="afterMethod" finished-at="2023-11-20T12:27:39 ART" duration-ms="2705" status="PASS">
          <reporter-output>
          </reporter-output>
        </test-method> <!-- afterMethod -->
      </class> <!-- tests.WikipediaTests -->
    </test> <!-- Search test -->
  </suite> <!-- Web Automation Suite -->
</testng-results>
